<?xml version="1.0" encoding="utf-8" standalone="no"?>
<!--This file represents the results of running a test suite-->
<test-results name="C:\dev\OSs\restfulie.net\build\Debug\Restfulie.Server.Tests\Restfulie.Server.Tests.dll" total="20" failures="0" not-run="0" date="2010-05-28" time="08:45:18">
  <environment nunit-version="2.2.8.0" clr-version="2.0.50727.4927" os-version="Microsoft Windows NT 6.1.7600.0" platform="Win32NT" cwd="C:\dev\OSs\restfulie.net" machine-name="PEDROREYS-PC" user="PedroReys" user-domain="PedroReys-PC" />
  <culture-info current-culture="en-US" current-uiculture="en-US" />
  <test-suite name="C:\dev\OSs\restfulie.net\build\Debug\Restfulie.Server.Tests\Restfulie.Server.Tests.dll" success="True" time="1.708" asserts="0">
    <results>
      <test-suite name="Restfulie" success="True" time="1.706" asserts="0">
        <results>
          <test-suite name="Restfulie.Server" success="True" time="1.705" asserts="0">
            <results>
              <test-suite name="Restfulie.Server.Tests" success="True" time="1.705" asserts="0">
                <results>
                  <test-suite name="Restfulie.Server.Tests.ActAsRestifulieTests" success="True" time="0.407" asserts="0">
                    <results>
                      <test-case name="Restfulie.Server.Tests.ActAsRestifulieTests.ShouldReturnNotAcceptableWhenMediaTypeIsNotSupported" executed="True" success="True" time="0.403" asserts="1" />
                    </results>
                  </test-suite>
                  <test-suite name="Restfulie.Server.Tests.Marshalling" success="True" time="0.958" asserts="0">
                    <results>
                      <test-suite name="Restfulie.Server.Tests.Marshalling.InflectionsTests" success="True" time="0.005" asserts="0">
                        <results>
                          <test-case name="Restfulie.Server.Tests.Marshalling.InflectionsTests.ShouldInflectAName" executed="True" success="True" time="0.005" asserts="1" />
                        </results>
                      </test-suite>
                      <test-suite name="Restfulie.Server.Tests.Marshalling.Serializers" success="True" time="0.633" asserts="0">
                        <results>
                          <test-suite name="Restfulie.Server.Tests.Marshalling.Serializers.XmlAndHypermediaSerializerTests" success="True" time="0.633" asserts="0">
                            <results>
                              <test-case name="Restfulie.Server.Tests.Marshalling.Serializers.XmlAndHypermediaSerializerTests.ShouldSerializeAllDataInResource" executed="True" success="True" time="0.599" asserts="2" />
                              <test-case name="Restfulie.Server.Tests.Marshalling.Serializers.XmlAndHypermediaSerializerTests.ShouldSerializeAllTransitions" executed="True" success="True" time="0.023" asserts="3" />
                              <test-case name="Restfulie.Server.Tests.Marshalling.Serializers.XmlAndHypermediaSerializerTests.ShouldSerializeAListOfResources" executed="True" success="True" time="0.009" asserts="3" />
                            </results>
                          </test-suite>
                        </results>
                      </test-suite>
                      <test-suite name="Restfulie.Server.Tests.Marshalling.DefaultRepresentationTests" success="True" time="0.318" asserts="0">
                        <results>
                          <test-case name="Restfulie.Server.Tests.Marshalling.DefaultRepresentationTests.ShouldBuildResourceRepresentation" executed="True" success="True" time="0.266" asserts="0" />
                          <test-case name="Restfulie.Server.Tests.Marshalling.DefaultRepresentationTests.ShouldBuildListRepresentation" executed="True" success="True" time="0.052" asserts="0" />
                        </results>
                      </test-suite>
                    </results>
                  </test-suite>
                  <test-suite name="Restfulie.Server.Tests.Negotiation" success="True" time="0.006" asserts="0">
                    <results>
                      <test-suite name="Restfulie.Server.Tests.Negotiation.AcceptHeaderToSerializerTests" success="True" time="0.004" asserts="0">
                        <results>
                          <test-case name="Restfulie.Server.Tests.Negotiation.AcceptHeaderToSerializerTests.ShouldReturnSerializerForAGivenMediaType" executed="True" success="True" time="0.001" asserts="1" />
                          <test-case name="Restfulie.Server.Tests.Negotiation.AcceptHeaderToSerializerTests.ShouldUnderstandMediaTypeExpression" executed="True" success="True" time="0.001" asserts="1" />
                          <test-case name="Restfulie.Server.Tests.Negotiation.AcceptHeaderToSerializerTests.ShouldReturnDefaultIfMediaTypeIsNotProvided" executed="True" success="True" time="0.000" asserts="1" />
                          <test-case name="Restfulie.Server.Tests.Negotiation.AcceptHeaderToSerializerTests.ShouldThrowAnExceptionIfMediaTypeIsInvalid" executed="True" success="True" time="0.002" asserts="1" />
                        </results>
                      </test-suite>
                    </results>
                  </test-suite>
                  <test-suite name="Restfulie.Server.Tests.Results" success="True" time="0.206" asserts="0">
                    <results>
                      <test-suite name="Restfulie.Server.Tests.Results.BadRequestTests" success="True" time="0.178" asserts="0">
                        <results>
                          <test-case name="Restfulie.Server.Tests.Results.BadRequestTests.ShouldReturnStatusCode400" executed="True" success="True" time="0.170" asserts="0" />
                          <test-case name="Restfulie.Server.Tests.Results.BadRequestTests.ShouldReturnAMessage" executed="True" success="True" time="0.005" asserts="1" />
                        </results>
                      </test-suite>
                      <test-suite name="Restfulie.Server.Tests.Results.NotAcceptableTests" success="True" time="0.004" asserts="0">
                        <results>
                          <test-case name="Restfulie.Server.Tests.Results.NotAcceptableTests.ShouldReturnStatusCode406" executed="True" success="True" time="0.003" asserts="0" />
                        </results>
                      </test-suite>
                      <test-suite name="Restfulie.Server.Tests.Results.SuccessTests" success="True" time="0.024" asserts="0">
                        <results>
                          <test-case name="Restfulie.Server.Tests.Results.SuccessTests.ShouldReturnStatusCode200" executed="True" success="True" time="0.008" asserts="0" />
                          <test-case name="Restfulie.Server.Tests.Results.SuccessTests.ShouldReturnResource" executed="True" success="True" time="0.007" asserts="2" />
                          <test-case name="Restfulie.Server.Tests.Results.SuccessTests.ShouldReturnListOfResource" executed="True" success="True" time="0.007" asserts="1" />
                        </results>
                      </test-suite>
                    </results>
                  </test-suite>
                  <test-suite name="Restfulie.Server.Tests.RelationsTests" success="True" time="0.126" asserts="0">
                    <results>
                      <test-case name="Restfulie.Server.Tests.RelationsTests.ShouldTransitToAControllerAction" executed="True" success="True" time="0.045" asserts="4" />
                      <test-case name="Restfulie.Server.Tests.RelationsTests.ShouldDetectWrongUseOfFluentAPI" executed="True" success="True" time="0.001" asserts="1" />
                      <test-case name="Restfulie.Server.Tests.RelationsTests.ShouldWorkWhenUsingTheAPIFluentlyInARow" executed="True" success="True" time="0.077" asserts="3" />
                    </results>
                  </test-suite>
                </results>
              </test-suite>
            </results>
          </test-suite>
        </results>
      </test-suite>
    </results>
  </test-suite>
</test-results>